0 info it worked if it ends with ok
1 verbose cli [ '/opt/node/bin/node', '/usr/local/bin/npm', 'start' ]
2 info using npm@2.14.7
3 info using node@v4.2.3
4 verbose stack Error: missing script: start
4 verbose stack     at run (/opt/node/lib/node_modules/npm/lib/run-script.js:142:19)
4 verbose stack     at /opt/node/lib/node_modules/npm/lib/run-script.js:58:5
4 verbose stack     at /opt/node/lib/node_modules/npm/node_modules/read-package-json/read-json.js:345:5
4 verbose stack     at checkBinReferences_ (/opt/node/lib/node_modules/npm/node_modules/read-package-json/read-json.js:309:45)
4 verbose stack     at final (/opt/node/lib/node_modules/npm/node_modules/read-package-json/read-json.js:343:3)
4 verbose stack     at then (/opt/node/lib/node_modules/npm/node_modules/read-package-json/read-json.js:113:5)
4 verbose stack     at ReadFileContext.<anonymous> (/opt/node/lib/node_modules/npm/node_modules/read-package-json/read-json.js:284:20)
4 verbose stack     at ReadFileContext.callback (/opt/node/lib/node_modules/npm/node_modules/graceful-fs/graceful-fs.js:76:16)
4 verbose stack     at FSReqWrap.readFileAfterOpen [as oncomplete] (fs.js:303:13)
5 verbose cwd /home/local/INI/tuan.pham/Desktop/demo3/demoFN
6 error Linux 4.4.0-75-generic
7 error argv "/opt/node/bin/node" "/usr/local/bin/npm" "start"
8 error node v4.2.3
9 error npm  v2.14.7
10 error missing script: start
11 error If you need help, you may report this error at:
11 error     <https://github.com/npm/npm/issues>
12 verbose exit [ 1, true ]
